app/build/intermediates/manifest_merge_blame_file/debug/manifest-merger-blame-debug-report.txt
1<?xml version="1.0" encoding="utf-8"?>
2<manifest xmlns:android="http://schemas.android.com/apk/res/android"
3    package="com.batugeray.instablog"
4    android:versionCode="1"
5    android:versionName="1.0" >
6
7    <uses-sdk
8        android:minSdkVersion="21"
9        android:targetSdkVersion="34" />
10
11    <uses-permission android:name="android.permission.INTERNET" />
11-->src/main/AndroidManifest.xml:4:5-67
11-->src/main/AndroidManifest.xml:4:22-64
12    <uses-permission android:name="android.permission.READ_EXTERNAL_STORAGE" />
12-->src/main/AndroidManifest.xml:5:5-80
12-->src/main/AndroidManifest.xml:5:22-77
13    <uses-permission android:name="android.permission.WRITE_EXTERNAL_STORAGE" />
13-->src/main/AndroidManifest.xml:6:5-81
13-->src/main/AndroidManifest.xml:6:22-78
14    <uses-permission android:name="android.permission.ACCESS_NETWORK_STATE" />
14-->[com.google.firebase:firebase-analytics:11.8.0] AndroidManifest.xml:24:5-79
14-->[com.google.firebase:firebase-analytics:11.8.0] AndroidManifest.xml:24:22-76
15    <uses-permission android:name="android.permission.WAKE_LOCK" /> <!-- Required by older versions of Google Play services to create IID tokens -->
15-->[com.google.firebase:firebase-analytics:11.8.0] AndroidManifest.xml:25:5-68
15-->[com.google.firebase:firebase-analytics:11.8.0] AndroidManifest.xml:25:22-65
16    <uses-permission android:name="com.google.android.c2dm.permission.RECEIVE" />
16-->[com.google.firebase:firebase-iid:11.8.0] AndroidManifest.xml:26:5-82
16-->[com.google.firebase:firebase-iid:11.8.0] AndroidManifest.xml:26:22-79
17
18    <permission
18-->[com.google.firebase:firebase-iid:11.8.0] AndroidManifest.xml:28:5-30:47
19        android:name="com.batugeray.instablog.permission.C2D_MESSAGE"
19-->[com.google.firebase:firebase-iid:11.8.0] AndroidManifest.xml:29:9-63
20        android:protectionLevel="signature" />
20-->[com.google.firebase:firebase-iid:11.8.0] AndroidManifest.xml:30:9-44
21
22    <uses-permission android:name="com.batugeray.instablog.permission.C2D_MESSAGE" />
22-->[com.google.firebase:firebase-iid:11.8.0] AndroidManifest.xml:32:5-79
22-->[com.google.firebase:firebase-iid:11.8.0] AndroidManifest.xml:32:22-76
23
24    <application
24-->src/main/AndroidManifest.xml:8:5-79:19
25        android:allowBackup="true"
25-->src/main/AndroidManifest.xml:9:9-35
26        android:debuggable="true"
27        android:extractNativeLibs="true"
28        android:icon="@mipmap/ic_launcher"
28-->src/main/AndroidManifest.xml:10:9-43
29        android:label="@string/app_name"
29-->src/main/AndroidManifest.xml:11:9-41
30        android:roundIcon="@mipmap/ic_launcher_round"
30-->src/main/AndroidManifest.xml:12:9-54
31        android:supportsRtl="true"
31-->src/main/AndroidManifest.xml:13:9-35
32        android:testOnly="true"
33        android:theme="@style/AppTheme" >
33-->src/main/AndroidManifest.xml:14:9-40
34        <meta-data
34-->src/main/AndroidManifest.xml:15:9-17:55
35            android:name="com.facebook.sdk.ApplicationId"
35-->src/main/AndroidManifest.xml:16:13-58
36            android:value="@string/facebook_app_id" />
36-->src/main/AndroidManifest.xml:17:13-52
37
38        <activity
38-->src/main/AndroidManifest.xml:20:9-24:47
39            android:name="com.batugeray.instablog.MainActivity"
39-->src/main/AndroidManifest.xml:21:13-64
40            android:launchMode="singleTask"
40-->src/main/AndroidManifest.xml:22:13-44
41            android:screenOrientation="portrait"
41-->src/main/AndroidManifest.xml:23:13-49
42            android:theme="@style/AppTheme" />
42-->src/main/AndroidManifest.xml:24:13-44
43        <activity
43-->src/main/AndroidManifest.xml:25:9-29:65
44            android:name="com.batugeray.instablog.LoginActivity"
44-->src/main/AndroidManifest.xml:26:13-65
45            android:launchMode="singleTask"
45-->src/main/AndroidManifest.xml:27:13-44
46            android:screenOrientation="portrait"
46-->src/main/AndroidManifest.xml:28:13-49
47            android:theme="@style/LoginRegisterActivityTheme" />
47-->src/main/AndroidManifest.xml:29:13-62
48        <activity
48-->src/main/AndroidManifest.xml:30:9-41:20
49            android:name="com.batugeray.instablog.WelcomeScreenActivity"
49-->src/main/AndroidManifest.xml:32:13-73
50            android:exported="true"
50-->src/main/AndroidManifest.xml:31:13-36
51            android:launchMode="singleTask"
51-->src/main/AndroidManifest.xml:33:13-44
52            android:screenOrientation="portrait"
52-->src/main/AndroidManifest.xml:34:13-49
53            android:theme="@style/AppTheme" >
53-->src/main/AndroidManifest.xml:35:13-44
54            <intent-filter>
54-->src/main/AndroidManifest.xml:36:13-40:29
55                <action android:name="android.intent.action.MAIN" />
55-->src/main/AndroidManifest.xml:37:17-69
55-->src/main/AndroidManifest.xml:37:25-66
56
57                <category android:name="android.intent.category.LAUNCHER" />
57-->src/main/AndroidManifest.xml:39:17-77
57-->src/main/AndroidManifest.xml:39:27-74
58            </intent-filter>
59        </activity>
60        <activity
60-->src/main/AndroidManifest.xml:42:9-46:65
61            android:name="com.batugeray.instablog.RegisterActivity"
61-->src/main/AndroidManifest.xml:43:13-68
62            android:launchMode="singleTask"
62-->src/main/AndroidManifest.xml:44:13-44
63            android:screenOrientation="portrait"
63-->src/main/AndroidManifest.xml:45:13-49
64            android:theme="@style/LoginRegisterActivityTheme" />
64-->src/main/AndroidManifest.xml:46:13-62
65        <activity
65-->src/main/AndroidManifest.xml:47:9-51:47
66            android:name="com.batugeray.instablog.PostActivity"
66-->src/main/AndroidManifest.xml:48:13-64
67            android:launchMode="singleTask"
67-->src/main/AndroidManifest.xml:49:13-44
68            android:screenOrientation="portrait"
68-->src/main/AndroidManifest.xml:50:13-49
69            android:theme="@style/AppTheme" />
69-->src/main/AndroidManifest.xml:51:13-44
70        <activity
70-->src/main/AndroidManifest.xml:52:9-55:47
71            android:name="com.batugeray.instablog.BlogDetails"
71-->src/main/AndroidManifest.xml:53:13-63
72            android:screenOrientation="portrait"
72-->src/main/AndroidManifest.xml:54:13-49
73            android:theme="@style/AppTheme" />
73-->src/main/AndroidManifest.xml:55:13-44
74        <activity
74-->src/main/AndroidManifest.xml:56:9-59:46
75            android:name="com.batugeray.instablog.ProfileActivity"
75-->src/main/AndroidManifest.xml:57:13-67
76            android:screenOrientation="portrait"
76-->src/main/AndroidManifest.xml:58:13-49
77            android:theme="@style/AppTheme" />
77-->src/main/AndroidManifest.xml:59:13-44
78        <activity
78-->src/main/AndroidManifest.xml:60:9-63:48
79            android:name="com.facebook.FacebookActivity"
79-->src/main/AndroidManifest.xml:61:13-57
80            android:configChanges="keyboard|keyboardHidden|screenLayout|screenSize|orientation"
80-->src/main/AndroidManifest.xml:62:13-96
81            android:label="@string/app_name"
81-->src/main/AndroidManifest.xml:63:13-45
82            android:theme="@style/com_facebook_activity_theme" />
82-->[com.facebook.android:facebook-common:4.30.0] AndroidManifest.xml:32:13-63
83        <activity
83-->src/main/AndroidManifest.xml:64:9-73:20
84            android:name="com.facebook.CustomTabActivity"
84-->src/main/AndroidManifest.xml:65:13-58
85            android:exported="true" >
85-->src/main/AndroidManifest.xml:66:13-36
86            <intent-filter>
86-->src/main/AndroidManifest.xml:67:13-72:29
87                <action android:name="android.intent.action.VIEW" />
87-->src/main/AndroidManifest.xml:68:17-69
87-->src/main/AndroidManifest.xml:68:25-66
88
89                <category android:name="android.intent.category.DEFAULT" />
89-->src/main/AndroidManifest.xml:69:17-76
89-->src/main/AndroidManifest.xml:69:27-73
90                <category android:name="android.intent.category.BROWSABLE" />
90-->src/main/AndroidManifest.xml:70:17-78
90-->src/main/AndroidManifest.xml:70:27-75
91
92                <data android:scheme="@string/fb_login_protocol_scheme" />
92-->src/main/AndroidManifest.xml:71:17-75
92-->src/main/AndroidManifest.xml:71:23-72
93            </intent-filter>
94        </activity>
95        <activity
95-->src/main/AndroidManifest.xml:74:9-78:46
96            android:name="com.batugeray.instablog.SettingsActivity"
96-->src/main/AndroidManifest.xml:75:13-68
97            android:launchMode="singleTask"
97-->src/main/AndroidManifest.xml:76:13-44
98            android:screenOrientation="portrait"
98-->src/main/AndroidManifest.xml:77:13-49
99            android:theme="@style/AppTheme" />
99-->src/main/AndroidManifest.xml:78:13-44
100        <activity android:name="com.facebook.CustomTabMainActivity" />
100-->[com.facebook.android:facebook-common:4.30.0] AndroidManifest.xml:33:9-71
100-->[com.facebook.android:facebook-common:4.30.0] AndroidManifest.xml:33:19-68
101        <activity
101-->[com.google.firebase:firebase-auth:11.8.0] AndroidManifest.xml:23:9-29:75
102            android:name="com.google.firebase.auth.internal.FederatedSignInActivity"
102-->[com.google.firebase:firebase-auth:11.8.0] AndroidManifest.xml:24:13-85
103            android:excludeFromRecents="true"
103-->[com.google.firebase:firebase-auth:11.8.0] AndroidManifest.xml:25:13-46
104            android:exported="true"
104-->[com.google.firebase:firebase-auth:11.8.0] AndroidManifest.xml:26:13-36
105            android:launchMode="singleInstance"
105-->[com.google.firebase:firebase-auth:11.8.0] AndroidManifest.xml:27:13-48
106            android:permission="com.google.firebase.auth.api.gms.permission.LAUNCH_FEDERATED_SIGN_IN"
106-->[com.google.firebase:firebase-auth:11.8.0] AndroidManifest.xml:28:13-102
107            android:theme="@android:style/Theme.Translucent.NoTitleBar" />
107-->[com.google.firebase:firebase-auth:11.8.0] AndroidManifest.xml:29:13-72
108        <activity
108-->[com.google.android.gms:play-services-auth:11.8.0] AndroidManifest.xml:23:9-27:75
109            android:name="com.google.android.gms.auth.api.signin.internal.SignInHubActivity"
109-->[com.google.android.gms:play-services-auth:11.8.0] AndroidManifest.xml:24:13-93
110            android:excludeFromRecents="true"
110-->[com.google.android.gms:play-services-auth:11.8.0] AndroidManifest.xml:25:13-46
111            android:exported="false"
111-->[com.google.android.gms:play-services-auth:11.8.0] AndroidManifest.xml:26:13-37
112            android:theme="@android:style/Theme.Translucent.NoTitleBar" />
112-->[com.google.android.gms:play-services-auth:11.8.0] AndroidManifest.xml:27:13-72
113        <!--
114            Service handling Google Sign-In user revocation. For apps that do not integrate with
115            Google Sign-In, this service will never be started.
116        -->
117        <service
117-->[com.google.android.gms:play-services-auth:11.8.0] AndroidManifest.xml:33:9-36:110
118            android:name="com.google.android.gms.auth.api.signin.RevocationBoundService"
118-->[com.google.android.gms:play-services-auth:11.8.0] AndroidManifest.xml:34:13-89
119            android:exported="true"
119-->[com.google.android.gms:play-services-auth:11.8.0] AndroidManifest.xml:35:13-36
120            android:permission="com.google.android.gms.auth.api.signin.permission.REVOCATION_NOTIFICATION" />
120-->[com.google.android.gms:play-services-auth:11.8.0] AndroidManifest.xml:36:13-107
121
122        <receiver
122-->[com.google.firebase:firebase-analytics:11.8.0] AndroidManifest.xml:28:9-32:20
123            android:name="com.google.android.gms.measurement.AppMeasurementReceiver"
123-->[com.google.firebase:firebase-analytics:11.8.0] AndroidManifest.xml:29:13-85
124            android:enabled="true"
124-->[com.google.firebase:firebase-analytics:11.8.0] AndroidManifest.xml:30:13-35
125            android:exported="false" >
125-->[com.google.firebase:firebase-analytics:11.8.0] AndroidManifest.xml:31:13-37
126        </receiver>
127        <receiver
127-->[com.google.firebase:firebase-analytics:11.8.0] AndroidManifest.xml:33:9-41:20
128            android:name="com.google.android.gms.measurement.AppMeasurementInstallReferrerReceiver"
128-->[com.google.firebase:firebase-analytics:11.8.0] AndroidManifest.xml:34:13-100
129            android:enabled="true"
129-->[com.google.firebase:firebase-analytics:11.8.0] AndroidManifest.xml:35:13-35
130            android:exported="true"
130-->[com.google.firebase:firebase-analytics:11.8.0] AndroidManifest.xml:36:13-36
131            android:permission="android.permission.INSTALL_PACKAGES" >
131-->[com.google.firebase:firebase-analytics:11.8.0] AndroidManifest.xml:37:13-69
132            <intent-filter>
132-->[com.google.firebase:firebase-analytics:11.8.0] AndroidManifest.xml:38:13-40:29
133                <action android:name="com.android.vending.INSTALL_REFERRER" />
133-->[com.google.firebase:firebase-analytics:11.8.0] AndroidManifest.xml:39:17-79
133-->[com.google.firebase:firebase-analytics:11.8.0] AndroidManifest.xml:39:25-76
134            </intent-filter>
135        </receiver>
136
137        <service
137-->[com.google.firebase:firebase-analytics:11.8.0] AndroidManifest.xml:43:9-46:40
138            android:name="com.google.android.gms.measurement.AppMeasurementService"
138-->[com.google.firebase:firebase-analytics:11.8.0] AndroidManifest.xml:44:13-84
139            android:enabled="true"
139-->[com.google.firebase:firebase-analytics:11.8.0] AndroidManifest.xml:45:13-35
140            android:exported="false" />
140-->[com.google.firebase:firebase-analytics:11.8.0] AndroidManifest.xml:46:13-37
141        <service
141-->[com.google.firebase:firebase-analytics:11.8.0] AndroidManifest.xml:47:9-51:72
142            android:name="com.google.android.gms.measurement.AppMeasurementJobService"
142-->[com.google.firebase:firebase-analytics:11.8.0] AndroidManifest.xml:48:13-87
143            android:enabled="true"
143-->[com.google.firebase:firebase-analytics:11.8.0] AndroidManifest.xml:49:13-35
144            android:exported="false"
144-->[com.google.firebase:firebase-analytics:11.8.0] AndroidManifest.xml:50:13-37
145            android:permission="android.permission.BIND_JOB_SERVICE" />
145-->[com.google.firebase:firebase-analytics:11.8.0] AndroidManifest.xml:51:13-69
146
147        <activity
147-->[com.google.android.gms:play-services-base:11.8.0] AndroidManifest.xml:23:9-26:75
148            android:name="com.google.android.gms.common.api.GoogleApiActivity"
148-->[com.google.android.gms:play-services-base:11.8.0] AndroidManifest.xml:24:13-79
149            android:exported="false"
149-->[com.google.android.gms:play-services-base:11.8.0] AndroidManifest.xml:25:13-37
150            android:theme="@android:style/Theme.Translucent.NoTitleBar" />
150-->[com.google.android.gms:play-services-base:11.8.0] AndroidManifest.xml:26:13-72
151
152        <receiver
152-->[com.google.firebase:firebase-iid:11.8.0] AndroidManifest.xml:35:9-44:20
153            android:name="com.google.firebase.iid.FirebaseInstanceIdReceiver"
153-->[com.google.firebase:firebase-iid:11.8.0] AndroidManifest.xml:36:13-78
154            android:exported="true"
154-->[com.google.firebase:firebase-iid:11.8.0] AndroidManifest.xml:37:13-36
155            android:permission="com.google.android.c2dm.permission.SEND" >
155-->[com.google.firebase:firebase-iid:11.8.0] AndroidManifest.xml:38:13-73
156            <intent-filter>
156-->[com.google.firebase:firebase-iid:11.8.0] AndroidManifest.xml:39:13-43:29
157                <action android:name="com.google.android.c2dm.intent.RECEIVE" />
157-->[com.google.firebase:firebase-iid:11.8.0] AndroidManifest.xml:40:17-81
157-->[com.google.firebase:firebase-iid:11.8.0] AndroidManifest.xml:40:25-78
158
159                <category android:name="com.batugeray.instablog" />
159-->[com.google.firebase:firebase-iid:11.8.0] AndroidManifest.xml:42:17-61
159-->[com.google.firebase:firebase-iid:11.8.0] AndroidManifest.xml:42:27-58
160            </intent-filter>
161        </receiver>
162        <!--
163             FirebaseInstanceIdService performs security checks at runtime,
164             no need for explicit permissions despite exported="true"
165        -->
166        <service
166-->[com.google.firebase:firebase-iid:11.8.0] AndroidManifest.xml:50:9-56:19
167            android:name="com.google.firebase.iid.FirebaseInstanceIdService"
167-->[com.google.firebase:firebase-iid:11.8.0] AndroidManifest.xml:51:13-77
168            android:exported="true" >
168-->[com.google.firebase:firebase-iid:11.8.0] AndroidManifest.xml:52:13-36
169            <intent-filter android:priority="-500" >
169-->[com.google.firebase:firebase-iid:11.8.0] AndroidManifest.xml:53:13-55:29
169-->[com.google.firebase:firebase-iid:11.8.0] AndroidManifest.xml:53:28-51
170                <action android:name="com.google.firebase.INSTANCE_ID_EVENT" />
170-->[com.google.firebase:firebase-iid:11.8.0] AndroidManifest.xml:54:17-80
170-->[com.google.firebase:firebase-iid:11.8.0] AndroidManifest.xml:54:25-77
171            </intent-filter>
172        </service>
173
174        <provider
174-->[com.google.firebase:firebase-common:11.8.0] AndroidManifest.xml:8:9-12:39
175            android:name="com.google.firebase.provider.FirebaseInitProvider"
175-->[com.google.firebase:firebase-common:11.8.0] AndroidManifest.xml:9:13-77
176            android:authorities="com.batugeray.instablog.firebaseinitprovider"
176-->[com.google.firebase:firebase-common:11.8.0] AndroidManifest.xml:10:13-72
177            android:exported="false"
177-->[com.google.firebase:firebase-common:11.8.0] AndroidManifest.xml:11:13-37
178            android:initOrder="100" />
178-->[com.google.firebase:firebase-common:11.8.0] AndroidManifest.xml:12:13-36
179
180        <meta-data
180-->[com.google.android.gms:play-services-basement:11.8.0] AndroidManifest.xml:23:9-25:69
181            android:name="com.google.android.gms.version"
181-->[com.google.android.gms:play-services-basement:11.8.0] AndroidManifest.xml:24:13-58
182            android:value="@integer/google_play_services_version" />
182-->[com.google.android.gms:play-services-basement:11.8.0] AndroidManifest.xml:25:13-66
183        <!--
184         The initialization ContentProvider will call FacebookSdk.sdkInitialize automatically
185         with the application context. This config is merged in with the host app's manifest,
186         but there can only be one provider with the same authority activated at any given
187         point; so if the end user has two or more different apps that use Facebook SDK, only the
188         first one will be able to use the provider. To work around this problem, we use the
189         following placeholder in the authority to identify each host application as if it was
190         a completely different provider.
191        -->
192        <provider
192-->[com.facebook.android:facebook-core:4.30.0] AndroidManifest.xml:39:9-42:40
193            android:name="com.facebook.internal.FacebookInitProvider"
193-->[com.facebook.android:facebook-core:4.30.0] AndroidManifest.xml:40:13-70
194            android:authorities="com.batugeray.instablog.FacebookInitProvider"
194-->[com.facebook.android:facebook-core:4.30.0] AndroidManifest.xml:41:13-72
195            android:exported="false" />
195-->[com.facebook.android:facebook-core:4.30.0] AndroidManifest.xml:42:13-37
196    </application>
197
198</manifest>